TN:
SF:C:\Users\Tobi\Desktop\Angular\leftlife\src\polyfills.ts
FNF:0
FNH:0
LF:0
LH:0
BRF:0
BRH:0
end_of_record
TN:
SF:C:\Users\Tobi\Desktop\Angular\leftlife\src\test.ts
FNF:0
FNH:0
DA:13,1
DA:18,1
DA:20,1
LF:3
LH:3
BRF:0
BRH:0
end_of_record
TN:
SF:C:\Users\Tobi\Desktop\Angular\leftlife\src\app\app.component.ts
FN:3,AppComponent
FNF:1
FNH:0
FNDA:0,AppComponent
DA:8,1
DA:9,0
DA:10,1
LF:3
LH:2
BRF:0
BRH:0
end_of_record
TN:
SF:C:\Users\Tobi\Desktop\Angular\leftlife\src\app\learning\observables.service.ts
FN:13,ObservablesService
FN:8,(anonymous_2)
FN:9,(anonymous_3)
FN:10,(anonymous_4)
FNF:4
FNH:3
FNDA:4,ObservablesService
FNDA:15,(anonymous_2)
FNDA:0,(anonymous_3)
FNDA:5,(anonymous_4)
DA:6,1
DA:7,4
DA:8,15
DA:9,0
DA:10,5
DA:14,1
LF:6
LH:5
BRF:0
BRH:0
end_of_record
TN:
SF:C:\Users\Tobi\Desktop\Angular\leftlife\src\app\learning\oberservables\oberservables.component.ts
FN:33,OberservablesComponent
FN:26,(anonymous_2)
FN:29,(anonymous_3)
FN:30,(anonymous_4)
FN:37,(anonymous_5)
FNF:5
FNH:4
FNDA:1,OberservablesComponent
FNDA:3,(anonymous_2)
FNDA:0,(anonymous_3)
FNDA:1,(anonymous_4)
FNDA:1,(anonymous_5)
DA:11,1
DA:13,1
DA:25,1
DA:26,3
DA:29,0
DA:30,1
DA:33,1
DA:34,1
DA:37,1
DA:39,1
DA:40,1
DA:43,1
LF:12
LH:11
BRF:0
BRH:0
end_of_record
TN:
SF:C:\Users\Tobi\Desktop\Angular\leftlife\src\app\learning\obs-constructor\obs-constructor.component.ts
FN:30,ObsConstructorComponent
FN:20,(anonymous_2)
FN:26,(anonymous_3)
FN:34,(anonymous_4)
FNF:4
FNH:4
FNDA:1,ObsConstructorComponent
FNDA:1,(anonymous_2)
FNDA:1,(anonymous_3)
FNDA:1,(anonymous_4)
DA:10,1
DA:11,1
DA:20,1
DA:21,1
DA:22,1
DA:23,1
DA:24,1
DA:25,1
DA:31,1
DA:34,1
DA:35,1
DA:38,1
LF:12
LH:12
BRF:0
BRH:0
end_of_record
TN:
SF:C:\Users\Tobi\Desktop\Angular\leftlife\src\app\learning\operators\operators.component.ts
FN:26,OperatorsComponent
FN:15,(anonymous_2)
FN:16,(anonymous_3)
FN:18,(anonymous_4)
FN:19,(anonymous_5)
FN:30,(anonymous_6)
FNF:6
FNH:6
FNDA:1,OperatorsComponent
FNDA:6,(anonymous_2)
FNDA:3,(anonymous_3)
FNDA:3,(anonymous_4)
FNDA:3,(anonymous_5)
FNDA:1,(anonymous_6)
DA:11,1
DA:13,1
DA:15,6
DA:16,3
DA:17,1
DA:18,3
DA:19,3
DA:22,1
DA:23,1
DA:24,1
DA:27,1
DA:30,1
DA:32,1
DA:33,1
DA:34,1
DA:37,1
LF:16
LH:16
BRF:0
BRH:0
end_of_record
